### 362076::362076-medc3n1.php.extranet.iext


******* IPSOS INTERACTIVE SERVICES (IIS) ******
Warning ! Warning ! Warning ! Warning !
This system is for the use of authorized users only. 
Use of this computer without explicit authority, or in access of authority, is subject to tracking, monitoring and preservation of evidence.
IIS general information security policy is applying to all users of this computer.
As a result the individual may be subject to criminal prosecution and/or disciplinary action. 


ERROR 2002 (HY000): Can't connect to local MySQL server through socket '/var/lib/mysql/mysql.sock' (2)

### 362077::362077-medc3n2.php.extranet.iext


******* IPSOS INTERACTIVE SERVICES (IIS) ******
Warning ! Warning ! Warning ! Warning !
This system is for the use of authorized users only. 
Use of this computer without explicit authority, or in access of authority, is subject to tracking, monitoring and preservation of evidence.
IIS general information security policy is applying to all users of this computer.
As a result the individual may be subject to criminal prosecution and/or disciplinary action. 


ERROR 2002 (HY000): Can't connect to local MySQL server through socket '/var/lib/mysql/mysql.sock' (2)

### 574554::574554-php-db1.php.extranet.iext


ERROR 2002 (HY000): Can't connect to local MySQL server through socket '/san/mysql-fs/mysql/mysql.sock' (2)

### 574557::574557-php-db2.php.extranet.iext


ERROR 2002 (HY000): Can't connect to local MySQL server through socket '/san/mysql2-fs/mysql/mysql.sock' (2)

### 574565::574565-recdb1.rec.extranet.iext




### 574572::574572-recdb2.rec.extranet.iext


******* IPSOS INTERACTIVE SERVICES (IIS) ******
Warning ! Warning ! Warning ! Warning !
This system is for the use of authorized users only. 
Use of this computer without explicit authority, or in access of authority, is subject to tracking, monitoring and preservation of evidence.
IIS general information security policy is applying to all users of this computer.
As a result the individual may be subject to criminal prosecution and/or disciplinary action. 

 

ERROR 2002 (HY000): Can't connect to local MySQL server through socket '/san/mysql-fs/mysql/mysql.sock' (2)

### 584574::584574-cereza1.CHP.extranet.iext


/home/rack/tmp3ala0ref: line 2: mysql: command not found

### 584575::584575-cereza2.CHP.extranet.iext


******* IPSOS INTERACTIVE SERVICES (IIS) ******
Warning ! Warning ! Warning ! Warning !
This system is for the use of authorized users only. 
Use of this computer without explicit authority, or in access of authority, is subject to tracking, monitoring and preservation of evidence.
IIS general information security policy is applying to all users of this computer.
As a result the individual may be subject to criminal prosecution and/or disciplinary action. 


/home/rack/tmp3ala0ref: line 2: mysql: command not found

### 647722::647722-php-db3.php.extranet.iext


******* IPSOS INTERACTIVE SERVICES (IIS) ******
Warning ! Warning ! Warning ! Warning !
This system is for the use of authorized users only. 
Use of this computer without explicit authority, or in access of authority, is subject to tracking, monitoring and preservation of evidence.
IIS general information security policy is applying to all users of this computer.
As a result the individual may be subject to criminal prosecution and/or disciplinary action.

 

ERROR 2002 (HY000): Can't connect to local MySQL server through socket '/var/lib/mysql/mysql.sock' (2)

### 647723::647723-recdb3.rec.extranet.iext


******* IPSOS INTERACTIVE SERVICES (IIS) ******
Warning ! Warning ! Warning ! Warning !
This system is for the use of authorized users only. 
Use of this computer without explicit authority, or in access of authority, is subject to tracking, monitoring and preservation of evidence.
IIS general information security policy is applying to all users of this computer.
As a result the individual may be subject to criminal prosecution and/or disciplinary action.

### 657136::657136-ftp01.RAJ.extranet.iext


/home/rack/tmp3ala0ref: line 2: mysql: command not found

### 657138::657138-micapp01.RAJ.extranet.iext


/home/rack/tmp3ala0ref: line 2: mysql: command not found

### 798830::798830-cereza3.CHP.extranet.iext


******* IPSOS INTERACTIVE SERVICES (IIS) ******
Warning ! Warning ! Warning ! Warning !
This system is for the use of authorized users only. 
Use of this computer without explicit authority, or in access of authority, is subject to tracking, monitoring and preservation of evidence.
IIS general information security policy is applying to all users of this computer.
As a result the individual may be subject to criminal prosecution and/or disciplinary action.

 

/home/rack/tmp3ala0ref: line 2: mysql: command not found

### 798836::798836-cereza4.CHP.extranet.iext


******* IPSOS INTERACTIVE SERVICES (IIS) ******
Warning ! Warning ! Warning ! Warning !
This system is for the use of authorized users only. 
Use of this computer without explicit authority, or in access of authority, is subject to tracking, monitoring and preservation of evidence.
IIS general information security policy is applying to all users of this computer.
As a result the individual may be subject to criminal prosecution and/or disciplinary action.

 

/home/rack/tmp3ala0ref: line 2: mysql: command not found

### 864857::864857-odb1.JDE.racscan.com


******* IPSOS INTERACTIVE SERVICES (IIS) ******
Warning ! Warning ! Warning ! Warning !
This system is for the use of authorized users only. 
Use of this computer without explicit authority, or in access of authority, is subject to tracking, monitoring and preservation of evidence.
IIS general information security policy is applying to all users of this computer.
As a result the individual may be subject to criminal prosecution and/or disciplinary action.

 

/home/rack/tmp3ala0ref: line 2: mysql: command not found

### 864891::864891-odb2.JDE.racscan.com


******* IPSOS INTERACTIVE SERVICES (IIS) ******
Warning ! Warning ! Warning ! Warning !
This system is for the use of authorized users only. 
Use of this computer without explicit authority, or in access of authority, is subject to tracking, monitoring and preservation of evidence.
IIS general information security policy is applying to all users of this computer.
As a result the individual may be subject to criminal prosecution and/or disciplinary action.

 

/home/rack/tmp3ala0ref: line 2: mysql: command not found

### 865203::865203-DRodb3.JDE.extranet.iext


******* IPSOS INTERACTIVE SERVICES (IIS) ******
Warning ! Warning ! Warning ! Warning !
This system is for the use of authorized users only. 
Use of this computer without explicit authority, or in access of authority, is subject to tracking, monitoring and preservation of evidence.
IIS general information security policy is applying to all users of this computer.
As a result the individual may be subject to criminal prosecution and/or disciplinary action.

 

/home/rack/tmp3ala0ref: line 2: mysql: command not found

### 890440::890440-cereza5.CHP.extranet.iext


******* IPSOS INTERACTIVE SERVICES (IIS) ******
Warning ! Warning ! Warning ! Warning !
This system is for the use of authorized users only. 
Use of this computer without explicit authority, or in access of authority, is subject to tracking, monitoring and preservation of evidence.
IIS general information security policy is applying to all users of this computer.
As a result the individual may be subject to criminal prosecution and/or disciplinary action.

 

/home/rack/tmp3ala0ref: line 2: mysql: command not found

### 890444::890444-cereza6.CHP.extranet.iext


******* IPSOS INTERACTIVE SERVICES (IIS) ******
Warning ! Warning ! Warning ! Warning !
This system is for the use of authorized users only. 
Use of this computer without explicit authority, or in access of authority, is subject to tracking, monitoring and preservation of evidence.
IIS general information security policy is applying to all users of this computer.
As a result the individual may be subject to criminal prosecution an